android/build/app/intermediates/manifest_merge_blame_file/debug/manifest-merger-blame-debug-report.txt
1<?xml version="1.0" encoding="utf-8"?>
2<manifest xmlns:android="http://schemas.android.com/apk/res/android"
3    package="com.example.FootballApp"
4    android:versionCode="1"
5    android:versionName="1.0.0" >
6
7    <uses-sdk
8        android:minSdkVersion="21"
9        android:targetSdkVersion="29" />
10    <!--
11         Flutter needs it to communicate with the running application
12         to allow setting breakpoints, to provide hot reload, etc.
13    -->
14    <uses-permission android:name="android.permission.INTERNET" />
14-->src\main\AndroidManifest.xml:8:5-66
14-->src\main\AndroidManifest.xml:8:22-64
15    <uses-permission android:name="android.permission.READ_EXTERNAL_STORAGE" />
15-->[:image_picker] AndroidManifest.xml:7:5-80
15-->[:image_picker] AndroidManifest.xml:7:22-77
16    <uses-permission android:name="android.permission.WRITE_EXTERNAL_STORAGE" />
16-->[:image_picker] AndroidManifest.xml:8:5-81
16-->[:image_picker] AndroidManifest.xml:8:22-78
17    <uses-permission android:name="android.permission.ACCESS_NETWORK_STATE" />
17-->[com.google.firebase:firebase-auth:20.0.2] AndroidManifest.xml:24:5-79
17-->[com.google.firebase:firebase-auth:20.0.2] AndroidManifest.xml:24:22-76
18
19    <application
19-->src\main\AndroidManifest.xml:9:5-47:19
20        android:name="io.flutter.app.FlutterApplication"
20-->src\main\AndroidManifest.xml:10:9-57
21        android:appComponentFactory="androidx.core.app.CoreComponentFactory"
21-->[androidx.core:core:1.1.0] AndroidManifest.xml:24:18-86
22        android:debuggable="true"
23        android:icon="@mipmap/ic_launcher"
23-->src\main\AndroidManifest.xml:12:9-43
24        android:label="FootballApp" >
24-->src\main\AndroidManifest.xml:11:9-36
25        <activity
25-->src\main\AndroidManifest.xml:13:9-41:20
26            android:name="com.example.FootballApp.MainActivity"
26-->src\main\AndroidManifest.xml:14:13-41
27            android:configChanges="orientation|keyboardHidden|keyboard|screenSize|smallestScreenSize|locale|layoutDirection|fontScale|screenLayout|density|uiMode"
27-->src\main\AndroidManifest.xml:17:13-163
28            android:hardwareAccelerated="true"
28-->src\main\AndroidManifest.xml:18:13-47
29            android:launchMode="singleTop"
29-->src\main\AndroidManifest.xml:15:13-43
30            android:theme="@style/LaunchTheme"
30-->src\main\AndroidManifest.xml:16:13-47
31            android:windowSoftInputMode="adjustResize" >
31-->src\main\AndroidManifest.xml:19:13-55
32
33            <!--
34                 Specifies an Android theme to apply to this Activity as soon as
35                 the Android process has started. This theme is visible to the user
36                 while the Flutter UI initializes. After that, this theme continues
37                 to determine the Window background behind the Flutter UI.
38            -->
39            <meta-data
39-->src\main\AndroidManifest.xml:24:13-27:17
40                android:name="io.flutter.embedding.android.NormalTheme"
40-->src\main\AndroidManifest.xml:25:15-70
41                android:resource="@style/NormalTheme" />
41-->src\main\AndroidManifest.xml:26:15-52
42            <!--
43                 Displays an Android View that continues showing the launch screen
44                 Drawable until Flutter paints its first frame, then this splash
45                 screen fades out. A splash screen is useful to avoid any visual
46                 gap between the end of Android's launch screen and the painting of
47                 Flutter's first frame.
48            -->
49            <meta-data
49-->src\main\AndroidManifest.xml:33:13-36:17
50                android:name="io.flutter.embedding.android.SplashScreenDrawable"
50-->src\main\AndroidManifest.xml:34:15-79
51                android:resource="@drawable/launch_background" />
51-->src\main\AndroidManifest.xml:35:15-61
52
53            <intent-filter>
53-->src\main\AndroidManifest.xml:37:13-40:29
54                <action android:name="android.intent.action.MAIN" />
54-->src\main\AndroidManifest.xml:38:17-68
54-->src\main\AndroidManifest.xml:38:25-66
55
56                <category android:name="android.intent.category.LAUNCHER" />
56-->src\main\AndroidManifest.xml:39:17-76
56-->src\main\AndroidManifest.xml:39:27-74
57            </intent-filter>
58        </activity>
59        <!--
60             Don't delete the meta-data below.
61             This is used by the Flutter tool to generate GeneratedPluginRegistrant.java
62        -->
63        <meta-data
63-->src\main\AndroidManifest.xml:44:9-46:33
64            android:name="flutterEmbedding"
64-->src\main\AndroidManifest.xml:45:13-44
65            android:value="2" />
65-->src\main\AndroidManifest.xml:46:13-30
66
67        <service
67-->[:firebase_storage] AndroidManifest.xml:8:9-12:19
68            android:name="com.google.firebase.components.ComponentDiscoveryService"
68-->[:firebase_storage] AndroidManifest.xml:8:18-89
69            android:directBootAware="true"
69-->[com.google.firebase:firebase-common:19.5.0] AndroidManifest.xml:35:13-43
70            android:exported="false" >
70-->[com.google.firebase:firebase-auth:20.0.2] AndroidManifest.xml:76:13-37
71            <meta-data
71-->[:firebase_storage] AndroidManifest.xml:9:13-11:85
72                android:name="com.google.firebase.components:io.flutter.plugins.firebase.storage.FlutterFirebaseAppRegistrar"
72-->[:firebase_storage] AndroidManifest.xml:10:17-126
73                android:value="com.google.firebase.components.ComponentRegistrar" />
73-->[:firebase_storage] AndroidManifest.xml:11:17-82
74            <meta-data
74-->[:cloud_firestore] AndroidManifest.xml:9:13-11:85
75                android:name="com.google.firebase.components:io.flutter.plugins.firebase.firestore.FlutterFirebaseFirestoreRegistrar"
75-->[:cloud_firestore] AndroidManifest.xml:10:17-134
76                android:value="com.google.firebase.components.ComponentRegistrar" />
76-->[:cloud_firestore] AndroidManifest.xml:11:17-82
77            <meta-data
77-->[:firebase_auth] AndroidManifest.xml:9:13-11:85
78                android:name="com.google.firebase.components:io.flutter.plugins.firebase.auth.FlutterFirebaseAuthRegistrar"
78-->[:firebase_auth] AndroidManifest.xml:10:17-124
79                android:value="com.google.firebase.components.ComponentRegistrar" />
79-->[:firebase_auth] AndroidManifest.xml:11:17-82
80            <meta-data
80-->[:firebase_core] AndroidManifest.xml:9:13-11:85
81                android:name="com.google.firebase.components:io.flutter.plugins.firebase.core.FlutterFirebaseCoreRegistrar"
81-->[:firebase_core] AndroidManifest.xml:10:17-124
82                android:value="com.google.firebase.components.ComponentRegistrar" />
82-->[:firebase_core] AndroidManifest.xml:11:17-82
83            <meta-data
83-->[com.google.firebase:firebase-auth:20.0.2] AndroidManifest.xml:77:13-79:85
84                android:name="com.google.firebase.components:com.google.firebase.auth.FirebaseAuthRegistrar"
84-->[com.google.firebase:firebase-auth:20.0.2] AndroidManifest.xml:78:17-109
85                android:value="com.google.firebase.components.ComponentRegistrar" />
85-->[com.google.firebase:firebase-auth:20.0.2] AndroidManifest.xml:79:17-82
86            <meta-data
86-->[com.google.firebase:firebase-storage:19.2.1] AndroidManifest.xml:33:13-35:85
87                android:name="com.google.firebase.components:com.google.firebase.storage.StorageRegistrar"
87-->[com.google.firebase:firebase-storage:19.2.1] AndroidManifest.xml:34:17-107
88                android:value="com.google.firebase.components.ComponentRegistrar" />
88-->[com.google.firebase:firebase-storage:19.2.1] AndroidManifest.xml:35:17-82
89            <meta-data
89-->[com.google.firebase:firebase-firestore:22.1.0] AndroidManifest.xml:20:13-22:85
90                android:name="com.google.firebase.components:com.google.firebase.firestore.FirestoreRegistrar"
90-->[com.google.firebase:firebase-firestore:22.1.0] AndroidManifest.xml:21:17-111
91                android:value="com.google.firebase.components.ComponentRegistrar" />
91-->[com.google.firebase:firebase-firestore:22.1.0] AndroidManifest.xml:22:17-82
92            <!--
93                This registrar is not defined in the dynamic-module-support sdk itself to allow non-firebase
94                clients to use it as well, by defining this registrar in their own core/common library.
95            -->
96            <meta-data
96-->[com.google.firebase:firebase-common:19.5.0] AndroidManifest.xml:43:13-45:85
97                android:name="com.google.firebase.components:com.google.firebase.dynamicloading.DynamicLoadingRegistrar"
97-->[com.google.firebase:firebase-common:19.5.0] AndroidManifest.xml:44:17-121
98                android:value="com.google.firebase.components.ComponentRegistrar" />
98-->[com.google.firebase:firebase-common:19.5.0] AndroidManifest.xml:45:17-82
99        </service>
100
101        <provider
101-->[:image_picker] AndroidManifest.xml:11:9-19:20
102            android:name="io.flutter.plugins.imagepicker.ImagePickerFileProvider"
102-->[:image_picker] AndroidManifest.xml:12:13-82
103            android:authorities="com.example.FootballApp.flutter.image_provider"
103-->[:image_picker] AndroidManifest.xml:13:13-74
104            android:exported="false"
104-->[:image_picker] AndroidManifest.xml:14:13-37
105            android:grantUriPermissions="true" >
105-->[:image_picker] AndroidManifest.xml:15:13-47
106            <meta-data
106-->[:image_picker] AndroidManifest.xml:16:13-18:75
107                android:name="android.support.FILE_PROVIDER_PATHS"
107-->[:image_picker] AndroidManifest.xml:17:17-67
108                android:resource="@xml/flutter_image_picker_file_paths" />
108-->[:image_picker] AndroidManifest.xml:18:17-72
109        </provider>
110
111        <activity
111-->[com.google.firebase:firebase-auth:20.0.2] AndroidManifest.xml:27:9-44:20
112            android:name="com.google.firebase.auth.internal.GenericIdpActivity"
112-->[com.google.firebase:firebase-auth:20.0.2] AndroidManifest.xml:28:13-80
113            android:excludeFromRecents="true"
113-->[com.google.firebase:firebase-auth:20.0.2] AndroidManifest.xml:29:13-46
114            android:exported="true"
114-->[com.google.firebase:firebase-auth:20.0.2] AndroidManifest.xml:30:13-36
115            android:launchMode="singleTask"
115-->[com.google.firebase:firebase-auth:20.0.2] AndroidManifest.xml:31:13-44
116            android:theme="@android:style/Theme.Translucent.NoTitleBar" >
116-->[com.google.firebase:firebase-auth:20.0.2] AndroidManifest.xml:32:13-72
117            <intent-filter>
117-->[com.google.firebase:firebase-auth:20.0.2] AndroidManifest.xml:33:13-43:29
118                <action android:name="android.intent.action.VIEW" />
118-->[com.google.firebase:firebase-auth:20.0.2] AndroidManifest.xml:34:17-69
118-->[com.google.firebase:firebase-auth:20.0.2] AndroidManifest.xml:34:25-66
119
120                <category android:name="android.intent.category.DEFAULT" />
120-->[com.google.firebase:firebase-auth:20.0.2] AndroidManifest.xml:36:17-76
120-->[com.google.firebase:firebase-auth:20.0.2] AndroidManifest.xml:36:27-73
121                <category android:name="android.intent.category.BROWSABLE" />
121-->[com.google.firebase:firebase-auth:20.0.2] AndroidManifest.xml:37:17-78
121-->[com.google.firebase:firebase-auth:20.0.2] AndroidManifest.xml:37:27-75
122
123                <data
123-->[com.google.firebase:firebase-auth:20.0.2] AndroidManifest.xml:39:17-42:51
124                    android:host="firebase.auth"
124-->[com.google.firebase:firebase-auth:20.0.2] AndroidManifest.xml:40:21-49
125                    android:path="/"
125-->[com.google.firebase:firebase-auth:20.0.2] AndroidManifest.xml:41:21-37
126                    android:scheme="genericidp" />
126-->[com.google.firebase:firebase-auth:20.0.2] AndroidManifest.xml:42:21-48
127            </intent-filter>
128        </activity>
129        <activity
129-->[com.google.firebase:firebase-auth:20.0.2] AndroidManifest.xml:45:9-62:20
130            android:name="com.google.firebase.auth.internal.RecaptchaActivity"
130-->[com.google.firebase:firebase-auth:20.0.2] AndroidManifest.xml:46:13-79
131            android:excludeFromRecents="true"
131-->[com.google.firebase:firebase-auth:20.0.2] AndroidManifest.xml:47:13-46
132            android:exported="true"
132-->[com.google.firebase:firebase-auth:20.0.2] AndroidManifest.xml:48:13-36
133            android:launchMode="singleTask"
133-->[com.google.firebase:firebase-auth:20.0.2] AndroidManifest.xml:49:13-44
134            android:theme="@android:style/Theme.Translucent.NoTitleBar" >
134-->[com.google.firebase:firebase-auth:20.0.2] AndroidManifest.xml:50:13-72
135            <intent-filter>
135-->[com.google.firebase:firebase-auth:20.0.2] AndroidManifest.xml:51:13-61:29
136                <action android:name="android.intent.action.VIEW" />
136-->[com.google.firebase:firebase-auth:20.0.2] AndroidManifest.xml:34:17-69
136-->[com.google.firebase:firebase-auth:20.0.2] AndroidManifest.xml:34:25-66
137
138                <category android:name="android.intent.category.DEFAULT" />
138-->[com.google.firebase:firebase-auth:20.0.2] AndroidManifest.xml:36:17-76
138-->[com.google.firebase:firebase-auth:20.0.2] AndroidManifest.xml:36:27-73
139                <category android:name="android.intent.category.BROWSABLE" />
139-->[com.google.firebase:firebase-auth:20.0.2] AndroidManifest.xml:37:17-78
139-->[com.google.firebase:firebase-auth:20.0.2] AndroidManifest.xml:37:27-75
140
141                <data
141-->[com.google.firebase:firebase-auth:20.0.2] AndroidManifest.xml:39:17-42:51
142                    android:host="firebase.auth"
142-->[com.google.firebase:firebase-auth:20.0.2] AndroidManifest.xml:40:21-49
143                    android:path="/"
143-->[com.google.firebase:firebase-auth:20.0.2] AndroidManifest.xml:41:21-37
144                    android:scheme="recaptcha" />
144-->[com.google.firebase:firebase-auth:20.0.2] AndroidManifest.xml:42:21-48
145            </intent-filter>
146        </activity>
147
148        <service
148-->[com.google.firebase:firebase-auth:20.0.2] AndroidManifest.xml:64:9-73:19
149            android:name="com.google.firebase.auth.api.fallback.service.FirebaseAuthFallbackService"
149-->[com.google.firebase:firebase-auth:20.0.2] AndroidManifest.xml:65:13-101
150            android:enabled="true"
150-->[com.google.firebase:firebase-auth:20.0.2] AndroidManifest.xml:66:13-35
151            android:exported="false" >
151-->[com.google.firebase:firebase-auth:20.0.2] AndroidManifest.xml:67:13-37
152            <intent-filter>
152-->[com.google.firebase:firebase-auth:20.0.2] AndroidManifest.xml:68:13-72:29
153                <action android:name="com.google.firebase.auth.api.gms.service.START" />
153-->[com.google.firebase:firebase-auth:20.0.2] AndroidManifest.xml:69:17-89
153-->[com.google.firebase:firebase-auth:20.0.2] AndroidManifest.xml:69:25-86
154
155                <category android:name="android.intent.category.DEFAULT" />
155-->[com.google.firebase:firebase-auth:20.0.2] AndroidManifest.xml:36:17-76
155-->[com.google.firebase:firebase-auth:20.0.2] AndroidManifest.xml:36:27-73
156            </intent-filter>
157        </service>
158
159        <activity
159-->[com.google.android.gms:play-services-auth:16.0.1] AndroidManifest.xml:23:9-27:75
160            android:name="com.google.android.gms.auth.api.signin.internal.SignInHubActivity"
160-->[com.google.android.gms:play-services-auth:16.0.1] AndroidManifest.xml:24:13-93
161            android:excludeFromRecents="true"
161-->[com.google.android.gms:play-services-auth:16.0.1] AndroidManifest.xml:25:13-46
162            android:exported="false"
162-->[com.google.android.gms:play-services-auth:16.0.1] AndroidManifest.xml:26:13-37
163            android:theme="@android:style/Theme.Translucent.NoTitleBar" />
163-->[com.google.android.gms:play-services-auth:16.0.1] AndroidManifest.xml:27:13-72
164        <!--
165            Service handling Google Sign-In user revocation. For apps that do not integrate with
166            Google Sign-In, this service will never be started.
167        -->
168        <service
168-->[com.google.android.gms:play-services-auth:16.0.1] AndroidManifest.xml:33:9-36:110
169            android:name="com.google.android.gms.auth.api.signin.RevocationBoundService"
169-->[com.google.android.gms:play-services-auth:16.0.1] AndroidManifest.xml:34:13-89
170            android:exported="true"
170-->[com.google.android.gms:play-services-auth:16.0.1] AndroidManifest.xml:35:13-36
171            android:permission="com.google.android.gms.auth.api.signin.permission.REVOCATION_NOTIFICATION" />
171-->[com.google.android.gms:play-services-auth:16.0.1] AndroidManifest.xml:36:13-107
172
173        <activity
173-->[com.google.android.gms:play-services-base:17.1.0] AndroidManifest.xml:23:9-26:75
174            android:name="com.google.android.gms.common.api.GoogleApiActivity"
174-->[com.google.android.gms:play-services-base:17.1.0] AndroidManifest.xml:24:13-79
175            android:exported="false"
175-->[com.google.android.gms:play-services-base:17.1.0] AndroidManifest.xml:25:13-37
176            android:theme="@android:style/Theme.Translucent.NoTitleBar" />
176-->[com.google.android.gms:play-services-base:17.1.0] AndroidManifest.xml:26:13-72
177
178        <provider
178-->[com.google.firebase:firebase-common:19.5.0] AndroidManifest.xml:26:9-31:39
179            android:name="com.google.firebase.provider.FirebaseInitProvider"
179-->[com.google.firebase:firebase-common:19.5.0] AndroidManifest.xml:27:13-77
180            android:authorities="com.example.FootballApp.firebaseinitprovider"
180-->[com.google.firebase:firebase-common:19.5.0] AndroidManifest.xml:28:13-72
181            android:directBootAware="true"
181-->[com.google.firebase:firebase-common:19.5.0] AndroidManifest.xml:29:13-43
182            android:exported="false"
182-->[com.google.firebase:firebase-common:19.5.0] AndroidManifest.xml:30:13-37
183            android:initOrder="100" />
183-->[com.google.firebase:firebase-common:19.5.0] AndroidManifest.xml:31:13-36
184
185        <meta-data
185-->[com.google.android.gms:play-services-basement:17.1.0] AndroidManifest.xml:23:9-25:69
186            android:name="com.google.android.gms.version"
186-->[com.google.android.gms:play-services-basement:17.1.0] AndroidManifest.xml:24:13-58
187            android:value="@integer/google_play_services_version" />
187-->[com.google.android.gms:play-services-basement:17.1.0] AndroidManifest.xml:25:13-66
188    </application>
189
190</manifest>